0 verbose cli E:\Program Files\nodejs\node.exe E:\Program Files\nodejs\node_modules\npm\bin\npm-cli.js
1 info using npm@10.9.2
2 info using node@v22.14.0
3 silly config load:file:E:\Program Files\nodejs\node_modules\npm\npmrc
4 silly config load:file:E:\6\aicoding\.npmrc
5 silly config load:file:C:\Users\善一\.npmrc
6 silly config load:file:E:\Program Files\nodejs\node_global\etc\npmrc
7 verbose title npm install typescript @types/node
8 verbose argv "install" "--save-dev" "typescript" "@types/node" "--cache" ".npm-cache"
9 verbose logfile logs-max:10 dir:E:\6\aicoding\.npm-cache\_logs\2026-04-22T12_28_11_270Z-
10 verbose logfile E:\6\aicoding\.npm-cache\_logs\2026-04-22T12_28_11_270Z-debug-0.log
11 silly logfile done cleaning log files
12 silly packumentCache heap:4345298944 maxSize:1086324736 maxEntrySize:543162368
13 silly idealTree buildDeps
14 silly fetch manifest typescript@*
15 silly packumentCache full:https://registry.npmmirror.com/typescript cache-miss
16 http fetch GET 200 https://registry.npmmirror.com/npm 135ms
17 http fetch GET 200 https://registry.npmmirror.com/typescript 182ms (cache miss)
18 silly packumentCache full:https://registry.npmmirror.com/typescript set size:1685991 disposed:false
19 silly fetch manifest @types/node@*
20 silly packumentCache full:https://registry.npmmirror.com/@types%2fnode cache-miss
21 http fetch GET 200 https://registry.npmmirror.com/@types%2fnode 80ms (cache miss)
22 silly packumentCache full:https://registry.npmmirror.com/@types%2fnode set size:1151960 disposed:false
23 silly placeDep ROOT @types/node@25.6.0 OK for: ai-coding-agent-web-mvp@0.1.0 want: *
24 silly placeDep ROOT typescript@6.0.3 OK for: ai-coding-agent-web-mvp@0.1.0 want: *
25 silly fetch manifest undici-types@~7.19.0
26 silly packumentCache full:https://registry.npmmirror.com/undici-types cache-miss
27 http fetch GET 200 https://registry.npmmirror.com/undici-types 19ms (cache miss)
28 silly packumentCache full:https://registry.npmmirror.com/undici-types set size:39652 disposed:false
29 silly placeDep ROOT undici-types@7.19.2 OK for: @types/node@25.6.0 want: ~7.19.0
30 silly reify moves {}
31 silly audit bulk request {
31 silly audit   '@types/node': [ '25.6.0' ],
31 silly audit   typescript: [ '6.0.3' ],
31 silly audit   'undici-types': [ '7.19.2' ]
31 silly audit }
32 http cache @types/node@https://registry.npmmirror.com/@types/node/-/node-25.6.0.tgz 0ms (cache hit)
33 http cache undici-types@https://registry.npmmirror.com/undici-types/-/undici-types-7.19.2.tgz 0ms (cache hit)
34 silly tarball no local data for @types/node@https://registry.npmmirror.com/@types/node/-/node-25.6.0.tgz. Extracting by manifest.
35 http cache typescript@https://registry.npmmirror.com/typescript/-/typescript-6.0.3.tgz 0ms (cache hit)
36 silly tarball no local data for undici-types@https://registry.npmmirror.com/undici-types/-/undici-types-7.19.2.tgz. Extracting by manifest.
37 silly tarball no local data for typescript@https://registry.npmmirror.com/typescript/-/typescript-6.0.3.tgz. Extracting by manifest.
38 http fetch POST 404 https://registry.npmmirror.com/-/npm/v1/security/advisories/bulk 12ms
39 silly audit bulk request failed [object Object]
40 http fetch POST 404 https://registry.npmmirror.com/-/npm/v1/security/audits/quick 12ms
41 verbose audit error HttpErrorGeneral: 404 Not Found - POST https://registry.npmmirror.com/-/npm/v1/security/audits/quick - [NOT_IMPLEMENTED] /-/npm/v1/security/* not implemented yet
41 verbose audit error     at E:\Program Files\nodejs\node_modules\npm\node_modules\npm-registry-fetch\lib\check-response.js:103:15
41 verbose audit error     at process.processTicksAndRejections (node:internal/process/task_queues:105:5)
41 verbose audit error     at async [getReport] (E:\Program Files\nodejs\node_modules\npm\node_modules\@npmcli\arborist\lib\audit-report.js:336:21)
41 verbose audit error     at async AuditReport.run (E:\Program Files\nodejs\node_modules\npm\node_modules\@npmcli\arborist\lib\audit-report.js:106:19) {
41 verbose audit error   headers: [Object: null prototype] {
41 verbose audit error     server: [ 'Tengine' ],
41 verbose audit error     date: [ 'Wed, 22 Apr 2026 12:28:14 GMT' ],
41 verbose audit error     'content-type': [ 'application/json' ],
41 verbose audit error     'transfer-encoding': [ 'chunked' ],
41 verbose audit error     connection: [ 'keep-alive' ],
41 verbose audit error     'strict-transport-security': [ 'max-age=5184000' ],
41 verbose audit error     via: [ 'kunlun6.cn9081[,404666]' ],
41 verbose audit error     'timing-allow-origin': [ '*' ],
41 verbose audit error     eagleid: [ '249c5f4d17768608942137288e' ],
41 verbose audit error     'x-fetch-attempts': [ '1' ]
41 verbose audit error   },
41 verbose audit error   statusCode: 404,
41 verbose audit error   code: 'E404',
41 verbose audit error   method: 'POST',
41 verbose audit error   uri: 'https://registry.npmmirror.com/-/npm/v1/security/audits/quick',
41 verbose audit error   body: {
41 verbose audit error     error: '[NOT_IMPLEMENTED] /-/npm/v1/security/* not implemented yet'
41 verbose audit error   },
41 verbose audit error   pkgid: undefined
41 verbose audit error }
42 silly audit error [object Object]
43 silly audit report null
44 http fetch GET 200 https://cdn.npmmirror.com/packages/undici-types/7.19.2/undici-types-7.19.2.tgz 182ms (cache miss)
45 http fetch GET 200 https://cdn.npmmirror.com/packages/%40types/node/25.6.0/node-25.6.0.tgz 310ms (cache miss)
46 http fetch GET 200 https://cdn.npmmirror.com/packages/typescript/6.0.3/typescript-6.0.3.tgz 765ms (cache miss)
47 silly ADD node_modules/undici-types
48 silly ADD node_modules/typescript
49 silly ADD node_modules/@types/node
50 verbose cwd E:\6\aicoding
51 verbose os Windows_NT 10.0.26200
52 verbose node v22.14.0
53 verbose npm  v10.9.2
54 notice
54 notice New major version of npm available! 10.9.2 -> 11.12.1
54 notice Changelog: https://github.com/npm/cli/releases/tag/v11.12.1
54 notice To update run: npm install -g npm@11.12.1
54 notice  { force: true, [Symbol(proc-log.meta)]: true }
55 verbose exit 0
56 info ok
